[2025-01-03 11:52:11] local.ERROR: rename(E:\laragon1\www\hrm\bootstrap\cache\pac3B18.tmp,E:\laragon1\www\hrm\bootstrap\cache\packages.php): Access is denied (code: 5) {"exception":"[object] (ErrorException(code: 0): rename(E:\\laragon1\\www\\hrm\\bootstrap\\cache\\pac3B18.tmp,E:\\laragon1\\www\\hrm\\bootstrap\\cache\\packages.php): Access is denied (code: 5) at E:\\laragon1\\www\\hrm\\vendor\\laravel\\framework\\src\\Illuminate\\Filesystem\\Filesystem.php:234)
[stacktrace]
#0 E:\\laragon1\\www\\hrm\\vendor\\laravel\\framework\\src\\Illuminate\\Foundation\\Bootstrap\\HandleExceptions.php(254): Illuminate\\Foundation\\Bootstrap\\HandleExceptions->handleError(2, 'rename(E:\\\\larag...', 'E:\\\\laragon1\\\\www...', 234)
#1 [internal function]: Illuminate\\Foundation\\Bootstrap\\HandleExceptions->Illuminate\\Foundation\\Bootstrap\\{closure}(2, 'rename(E:\\\\larag...', 'E:\\\\laragon1\\\\www...', 234)
#2 E:\\laragon1\\www\\hrm\\vendor\\laravel\\framework\\src\\Illuminate\\Filesystem\\Filesystem.php(234): rename('E:\\\\laragon1\\\\www...', 'E:\\\\laragon1\\\\www...')
#3 E:\\laragon1\\www\\hrm\\vendor\\laravel\\framework\\src\\Illuminate\\Foundation\\PackageManifest.php(181): Illuminate\\Filesystem\\Filesystem->replace('E:\\\\laragon1\\\\www...', '<?php return ar...')
#4 E:\\laragon1\\www\\hrm\\vendor\\laravel\\framework\\src\\Illuminate\\Foundation\\PackageManifest.php(131): Illuminate\\Foundation\\PackageManifest->write(Array)
#5 E:\\laragon1\\www\\hrm\\vendor\\laravel\\framework\\src\\Illuminate\\Foundation\\PackageManifest.php(107): Illuminate\\Foundation\\PackageManifest->build()
#6 E:\\laragon1\\www\\hrm\\vendor\\laravel\\framework\\src\\Illuminate\\Foundation\\PackageManifest.php(90): Illuminate\\Foundation\\PackageManifest->getManifest()
#7 E:\\laragon1\\www\\hrm\\vendor\\laravel\\framework\\src\\Illuminate\\Foundation\\PackageManifest.php(79): Illuminate\\Foundation\\PackageManifest->config('aliases')
#8 E:\\laragon1\\www\\hrm\\vendor\\laravel\\framework\\src\\Illuminate\\Foundation\\Bootstrap\\RegisterFacades.php(26): Illuminate\\Foundation\\PackageManifest->aliases()
#9 E:\\laragon1\\www\\hrm\\vendor\\laravel\\framework\\src\\Illuminate\\Foundation\\Application.php(261): Illuminate\\Foundation\\Bootstrap\\RegisterFacades->bootstrap(Object(Illuminate\\Foundation\\Application))
#10 E:\\laragon1\\www\\hrm\\vendor\\laravel\\framework\\src\\Illuminate\\Foundation\\Console\\Kernel.php(447): Illuminate\\Foundation\\Application->bootstrapWith(Array)
#11 E:\\laragon1\\www\\hrm\\vendor\\_laravel_ide\\discover-08ca2113f3a330bf1ebd4c3591847ce7.php(27): Illuminate\\Foundation\\Console\\Kernel->bootstrap()
#12 {main}
"} 
[2025-01-03 11:52:11] local.ERROR: rename(E:\laragon1\www\hrm\bootstrap\cache\pac3ACB.tmp,E:\laragon1\www\hrm\bootstrap\cache/packages.php): Access is denied (code: 5) {"exception":"[object] (ErrorException(code: 0): rename(E:\\laragon1\\www\\hrm\\bootstrap\\cache\\pac3ACB.tmp,E:\\laragon1\\www\\hrm\\bootstrap\\cache/packages.php): Access is denied (code: 5) at E:\\laragon1\\www\\hrm\\vendor\\laravel\\framework\\src\\Illuminate\\Filesystem\\Filesystem.php:234)
[stacktrace]
#0 E:\\laragon1\\www\\hrm\\vendor\\laravel\\framework\\src\\Illuminate\\Foundation\\Bootstrap\\HandleExceptions.php(254): Illuminate\\Foundation\\Bootstrap\\HandleExceptions->handleError(2, 'rename(E:\\\\larag...', 'E:\\\\laragon1\\\\www...', 234)
#1 [internal function]: Illuminate\\Foundation\\Bootstrap\\HandleExceptions->Illuminate\\Foundation\\Bootstrap\\{closure}(2, 'rename(E:\\\\larag...', 'E:\\\\laragon1\\\\www...', 234)
#2 E:\\laragon1\\www\\hrm\\vendor\\laravel\\framework\\src\\Illuminate\\Filesystem\\Filesystem.php(234): rename('E:\\\\laragon1\\\\www...', 'E:\\\\laragon1\\\\www...')
#3 E:\\laragon1\\www\\hrm\\vendor\\laravel\\framework\\src\\Illuminate\\Foundation\\PackageManifest.php(181): Illuminate\\Filesystem\\Filesystem->replace('E:\\\\laragon1\\\\www...', '<?php return ar...')
#4 E:\\laragon1\\www\\hrm\\vendor\\laravel\\framework\\src\\Illuminate\\Foundation\\PackageManifest.php(131): Illuminate\\Foundation\\PackageManifest->write(Array)
#5 E:\\laragon1\\www\\hrm\\vendor\\laravel\\framework\\src\\Illuminate\\Foundation\\PackageManifest.php(107): Illuminate\\Foundation\\PackageManifest->build()
#6 E:\\laragon1\\www\\hrm\\vendor\\laravel\\framework\\src\\Illuminate\\Foundation\\PackageManifest.php(90): Illuminate\\Foundation\\PackageManifest->getManifest()
#7 E:\\laragon1\\www\\hrm\\vendor\\laravel\\framework\\src\\Illuminate\\Foundation\\PackageManifest.php(79): Illuminate\\Foundation\\PackageManifest->config('aliases')
#8 E:\\laragon1\\www\\hrm\\vendor\\laravel\\framework\\src\\Illuminate\\Foundation\\Bootstrap\\RegisterFacades.php(26): Illuminate\\Foundation\\PackageManifest->aliases()
#9 E:\\laragon1\\www\\hrm\\vendor\\laravel\\framework\\src\\Illuminate\\Foundation\\Application.php(261): Illuminate\\Foundation\\Bootstrap\\RegisterFacades->bootstrap(Object(Illuminate\\Foundation\\Application))
#10 E:\\laragon1\\www\\hrm\\vendor\\laravel\\framework\\src\\Illuminate\\Foundation\\Console\\Kernel.php(447): Illuminate\\Foundation\\Application->bootstrapWith(Array)
#11 E:\\laragon1\\www\\hrm\\vendor\\_laravel_ide\\discover-d4f39ea8c8afd10ce595be32bd60d7a7.php(27): Illuminate\\Foundation\\Console\\Kernel->bootstrap()
#12 {main}
"} 
[2025-01-03 11:52:11] local.ERROR: rename(E:\laragon1\www\hrm\bootstrap\cache\pac3ACA.tmp,E:\laragon1\www\hrm\bootstrap\cache\packages.php): Access is denied (code: 5) {"exception":"[object] (ErrorException(code: 0): rename(E:\\laragon1\\www\\hrm\\bootstrap\\cache\\pac3ACA.tmp,E:\\laragon1\\www\\hrm\\bootstrap\\cache\\packages.php): Access is denied (code: 5) at E:\\laragon1\\www\\hrm\\vendor\\laravel\\framework\\src\\Illuminate\\Filesystem\\Filesystem.php:234)
[stacktrace]
#0 E:\\laragon1\\www\\hrm\\vendor\\laravel\\framework\\src\\Illuminate\\Foundation\\Bootstrap\\HandleExceptions.php(254): Illuminate\\Foundation\\Bootstrap\\HandleExceptions->handleError(2, 'rename(E:\\\\larag...', 'E:\\\\laragon1\\\\www...', 234)
#1 [internal function]: Illuminate\\Foundation\\Bootstrap\\HandleExceptions->Illuminate\\Foundation\\Bootstrap\\{closure}(2, 'rename(E:\\\\larag...', 'E:\\\\laragon1\\\\www...', 234)
#2 E:\\laragon1\\www\\hrm\\vendor\\laravel\\framework\\src\\Illuminate\\Filesystem\\Filesystem.php(234): rename('E:\\\\laragon1\\\\www...', 'E:\\\\laragon1\\\\www...')
#3 E:\\laragon1\\www\\hrm\\vendor\\laravel\\framework\\src\\Illuminate\\Foundation\\PackageManifest.php(181): Illuminate\\Filesystem\\Filesystem->replace('E:\\\\laragon1\\\\www...', '<?php return ar...')
#4 E:\\laragon1\\www\\hrm\\vendor\\laravel\\framework\\src\\Illuminate\\Foundation\\PackageManifest.php(131): Illuminate\\Foundation\\PackageManifest->write(Array)
#5 E:\\laragon1\\www\\hrm\\vendor\\laravel\\framework\\src\\Illuminate\\Foundation\\PackageManifest.php(107): Illuminate\\Foundation\\PackageManifest->build()
#6 E:\\laragon1\\www\\hrm\\vendor\\laravel\\framework\\src\\Illuminate\\Foundation\\PackageManifest.php(90): Illuminate\\Foundation\\PackageManifest->getManifest()
#7 E:\\laragon1\\www\\hrm\\vendor\\laravel\\framework\\src\\Illuminate\\Foundation\\PackageManifest.php(79): Illuminate\\Foundation\\PackageManifest->config('aliases')
#8 E:\\laragon1\\www\\hrm\\vendor\\laravel\\framework\\src\\Illuminate\\Foundation\\Bootstrap\\RegisterFacades.php(26): Illuminate\\Foundation\\PackageManifest->aliases()
#9 E:\\laragon1\\www\\hrm\\vendor\\laravel\\framework\\src\\Illuminate\\Foundation\\Application.php(261): Illuminate\\Foundation\\Bootstrap\\RegisterFacades->bootstrap(Object(Illuminate\\Foundation\\Application))
#10 E:\\laragon1\\www\\hrm\\vendor\\laravel\\framework\\src\\Illuminate\\Foundation\\Console\\Kernel.php(447): Illuminate\\Foundation\\Application->bootstrapWith(Array)
#11 E:\\laragon1\\www\\hrm\\vendor\\_laravel_ide\\discover-9463ddbd543fd7d2130d9089d0cb3ec4.php(27): Illuminate\\Foundation\\Console\\Kernel->bootstrap()
#12 {main}
"} 
[2025-01-03 11:52:11] local.ERROR: rename(E:\laragon1\www\hrm\bootstrap\cache\pac3B1A.tmp,E:\laragon1\www\hrm\bootstrap\cache\packages.php): Access is denied (code: 5) {"exception":"[object] (ErrorException(code: 0): rename(E:\\laragon1\\www\\hrm\\bootstrap\\cache\\pac3B1A.tmp,E:\\laragon1\\www\\hrm\\bootstrap\\cache\\packages.php): Access is denied (code: 5) at E:\\laragon1\\www\\hrm\\vendor\\laravel\\framework\\src\\Illuminate\\Filesystem\\Filesystem.php:234)
[stacktrace]
#0 E:\\laragon1\\www\\hrm\\vendor\\laravel\\framework\\src\\Illuminate\\Foundation\\Bootstrap\\HandleExceptions.php(254): Illuminate\\Foundation\\Bootstrap\\HandleExceptions->handleError(2, 'rename(E:\\\\larag...', 'E:\\\\laragon1\\\\www...', 234)
#1 [internal function]: Illuminate\\Foundation\\Bootstrap\\HandleExceptions->Illuminate\\Foundation\\Bootstrap\\{closure}(2, 'rename(E:\\\\larag...', 'E:\\\\laragon1\\\\www...', 234)
#2 E:\\laragon1\\www\\hrm\\vendor\\laravel\\framework\\src\\Illuminate\\Filesystem\\Filesystem.php(234): rename('E:\\\\laragon1\\\\www...', 'E:\\\\laragon1\\\\www...')
#3 E:\\laragon1\\www\\hrm\\vendor\\laravel\\framework\\src\\Illuminate\\Foundation\\PackageManifest.php(181): Illuminate\\Filesystem\\Filesystem->replace('E:\\\\laragon1\\\\www...', '<?php return ar...')
#4 E:\\laragon1\\www\\hrm\\vendor\\laravel\\framework\\src\\Illuminate\\Foundation\\PackageManifest.php(131): Illuminate\\Foundation\\PackageManifest->write(Array)
#5 E:\\laragon1\\www\\hrm\\vendor\\laravel\\framework\\src\\Illuminate\\Foundation\\PackageManifest.php(107): Illuminate\\Foundation\\PackageManifest->build()
#6 E:\\laragon1\\www\\hrm\\vendor\\laravel\\framework\\src\\Illuminate\\Foundation\\PackageManifest.php(90): Illuminate\\Foundation\\PackageManifest->getManifest()
#7 E:\\laragon1\\www\\hrm\\vendor\\laravel\\framework\\src\\Illuminate\\Foundation\\PackageManifest.php(79): Illuminate\\Foundation\\PackageManifest->config('aliases')
#8 E:\\laragon1\\www\\hrm\\vendor\\laravel\\framework\\src\\Illuminate\\Foundation\\Bootstrap\\RegisterFacades.php(26): Illuminate\\Foundation\\PackageManifest->aliases()
#9 E:\\laragon1\\www\\hrm\\vendor\\laravel\\framework\\src\\Illuminate\\Foundation\\Application.php(261): Illuminate\\Foundation\\Bootstrap\\RegisterFacades->bootstrap(Object(Illuminate\\Foundation\\Application))
#10 E:\\laragon1\\www\\hrm\\vendor\\laravel\\framework\\src\\Illuminate\\Foundation\\Console\\Kernel.php(447): Illuminate\\Foundation\\Application->bootstrapWith(Array)
#11 E:\\laragon1\\www\\hrm\\vendor\\_laravel_ide\\discover-ccd6cc1aa7eff2077ce4a32717f83d56.php(27): Illuminate\\Foundation\\Console\\Kernel->bootstrap()
#12 {main}
"} 
[2025-01-03 11:52:11] local.ERROR: rename(E:\laragon1\www\hrm\bootstrap\cache\pac3B19.tmp,E:\laragon1\www\hrm\bootstrap\cache\packages.php): Access is denied (code: 5) {"exception":"[object] (ErrorException(code: 0): rename(E:\\laragon1\\www\\hrm\\bootstrap\\cache\\pac3B19.tmp,E:\\laragon1\\www\\hrm\\bootstrap\\cache\\packages.php): Access is denied (code: 5) at E:\\laragon1\\www\\hrm\\vendor\\laravel\\framework\\src\\Illuminate\\Filesystem\\Filesystem.php:234)
[stacktrace]
#0 E:\\laragon1\\www\\hrm\\vendor\\laravel\\framework\\src\\Illuminate\\Foundation\\Bootstrap\\HandleExceptions.php(254): Illuminate\\Foundation\\Bootstrap\\HandleExceptions->handleError(2, 'rename(E:\\\\larag...', 'E:\\\\laragon1\\\\www...', 234)
#1 [internal function]: Illuminate\\Foundation\\Bootstrap\\HandleExceptions->Illuminate\\Foundation\\Bootstrap\\{closure}(2, 'rename(E:\\\\larag...', 'E:\\\\laragon1\\\\www...', 234)
#2 E:\\laragon1\\www\\hrm\\vendor\\laravel\\framework\\src\\Illuminate\\Filesystem\\Filesystem.php(234): rename('E:\\\\laragon1\\\\www...', 'E:\\\\laragon1\\\\www...')
#3 E:\\laragon1\\www\\hrm\\vendor\\laravel\\framework\\src\\Illuminate\\Foundation\\PackageManifest.php(181): Illuminate\\Filesystem\\Filesystem->replace('E:\\\\laragon1\\\\www...', '<?php return ar...')
#4 E:\\laragon1\\www\\hrm\\vendor\\laravel\\framework\\src\\Illuminate\\Foundation\\PackageManifest.php(131): Illuminate\\Foundation\\PackageManifest->write(Array)
#5 E:\\laragon1\\www\\hrm\\vendor\\laravel\\framework\\src\\Illuminate\\Foundation\\PackageManifest.php(107): Illuminate\\Foundation\\PackageManifest->build()
#6 E:\\laragon1\\www\\hrm\\vendor\\laravel\\framework\\src\\Illuminate\\Foundation\\PackageManifest.php(90): Illuminate\\Foundation\\PackageManifest->getManifest()
#7 E:\\laragon1\\www\\hrm\\vendor\\laravel\\framework\\src\\Illuminate\\Foundation\\PackageManifest.php(79): Illuminate\\Foundation\\PackageManifest->config('aliases')
#8 E:\\laragon1\\www\\hrm\\vendor\\laravel\\framework\\src\\Illuminate\\Foundation\\Bootstrap\\RegisterFacades.php(26): Illuminate\\Foundation\\PackageManifest->aliases()
#9 E:\\laragon1\\www\\hrm\\vendor\\laravel\\framework\\src\\Illuminate\\Foundation\\Application.php(261): Illuminate\\Foundation\\Bootstrap\\RegisterFacades->bootstrap(Object(Illuminate\\Foundation\\Application))
#10 E:\\laragon1\\www\\hrm\\vendor\\laravel\\framework\\src\\Illuminate\\Foundation\\Console\\Kernel.php(447): Illuminate\\Foundation\\Application->bootstrapWith(Array)
#11 E:\\laragon1\\www\\hrm\\vendor\\_laravel_ide\\discover-ea8f34995f5883632064f3a213caef2a.php(27): Illuminate\\Foundation\\Console\\Kernel->bootstrap()
#12 {main}
"} 
[2025-01-03 11:52:11] local.ERROR: rename(E:\laragon1\www\hrm\bootstrap\cache\pac3B1B.tmp,E:\laragon1\www\hrm\bootstrap\cache\packages.php): Access is denied (code: 5) {"exception":"[object] (ErrorException(code: 0): rename(E:\\laragon1\\www\\hrm\\bootstrap\\cache\\pac3B1B.tmp,E:\\laragon1\\www\\hrm\\bootstrap\\cache\\packages.php): Access is denied (code: 5) at E:\\laragon1\\www\\hrm\\vendor\\laravel\\framework\\src\\Illuminate\\Filesystem\\Filesystem.php:234)
[stacktrace]
#0 E:\\laragon1\\www\\hrm\\vendor\\laravel\\framework\\src\\Illuminate\\Foundation\\Bootstrap\\HandleExceptions.php(254): Illuminate\\Foundation\\Bootstrap\\HandleExceptions->handleError(2, 'rename(E:\\\\larag...', 'E:\\\\laragon1\\\\www...', 234)
#1 [internal function]: Illuminate\\Foundation\\Bootstrap\\HandleExceptions->Illuminate\\Foundation\\Bootstrap\\{closure}(2, 'rename(E:\\\\larag...', 'E:\\\\laragon1\\\\www...', 234)
#2 E:\\laragon1\\www\\hrm\\vendor\\laravel\\framework\\src\\Illuminate\\Filesystem\\Filesystem.php(234): rename('E:\\\\laragon1\\\\www...', 'E:\\\\laragon1\\\\www...')
#3 E:\\laragon1\\www\\hrm\\vendor\\laravel\\framework\\src\\Illuminate\\Foundation\\PackageManifest.php(181): Illuminate\\Filesystem\\Filesystem->replace('E:\\\\laragon1\\\\www...', '<?php return ar...')
#4 E:\\laragon1\\www\\hrm\\vendor\\laravel\\framework\\src\\Illuminate\\Foundation\\PackageManifest.php(131): Illuminate\\Foundation\\PackageManifest->write(Array)
#5 E:\\laragon1\\www\\hrm\\vendor\\laravel\\framework\\src\\Illuminate\\Foundation\\PackageManifest.php(107): Illuminate\\Foundation\\PackageManifest->build()
#6 E:\\laragon1\\www\\hrm\\vendor\\laravel\\framework\\src\\Illuminate\\Foundation\\PackageManifest.php(90): Illuminate\\Foundation\\PackageManifest->getManifest()
#7 E:\\laragon1\\www\\hrm\\vendor\\laravel\\framework\\src\\Illuminate\\Foundation\\PackageManifest.php(79): Illuminate\\Foundation\\PackageManifest->config('aliases')
#8 E:\\laragon1\\www\\hrm\\vendor\\laravel\\framework\\src\\Illuminate\\Foundation\\Bootstrap\\RegisterFacades.php(26): Illuminate\\Foundation\\PackageManifest->aliases()
#9 E:\\laragon1\\www\\hrm\\vendor\\laravel\\framework\\src\\Illuminate\\Foundation\\Application.php(261): Illuminate\\Foundation\\Bootstrap\\RegisterFacades->bootstrap(Object(Illuminate\\Foundation\\Application))
#10 E:\\laragon1\\www\\hrm\\vendor\\laravel\\framework\\src\\Illuminate\\Foundation\\Console\\Kernel.php(447): Illuminate\\Foundation\\Application->bootstrapWith(Array)
#11 E:\\laragon1\\www\\hrm\\vendor\\_laravel_ide\\discover-cc27311d80e3a317bc2fdb63b0e45636.php(27): Illuminate\\Foundation\\Console\\Kernel->bootstrap()
#12 {main}
"} 
[2025-01-03 11:52:13] local.ERROR: rename(E:\laragon1\www\hrm\bootstrap\cache\ser4887.tmp,E:\laragon1\www\hrm\bootstrap\cache/services.php): Access is denied (code: 5) {"exception":"[object] (ErrorException(code: 0): rename(E:\\laragon1\\www\\hrm\\bootstrap\\cache\\ser4887.tmp,E:\\laragon1\\www\\hrm\\bootstrap\\cache/services.php): Access is denied (code: 5) at E:\\laragon1\\www\\hrm\\vendor\\laravel\\framework\\src\\Illuminate\\Filesystem\\Filesystem.php:234)
[stacktrace]
#0 E:\\laragon1\\www\\hrm\\vendor\\laravel\\framework\\src\\Illuminate\\Foundation\\Bootstrap\\HandleExceptions.php(254): Illuminate\\Foundation\\Bootstrap\\HandleExceptions->handleError(2, 'rename(E:\\\\larag...', 'E:\\\\laragon1\\\\www...', 234)
#1 [internal function]: Illuminate\\Foundation\\Bootstrap\\HandleExceptions->Illuminate\\Foundation\\Bootstrap\\{closure}(2, 'rename(E:\\\\larag...', 'E:\\\\laragon1\\\\www...', 234)
#2 E:\\laragon1\\www\\hrm\\vendor\\laravel\\framework\\src\\Illuminate\\Filesystem\\Filesystem.php(234): rename('E:\\\\laragon1\\\\www...', 'E:\\\\laragon1\\\\www...')
#3 E:\\laragon1\\www\\hrm\\vendor\\laravel\\framework\\src\\Illuminate\\Foundation\\ProviderRepository.php(191): Illuminate\\Filesystem\\Filesystem->replace('E:\\\\laragon1\\\\www...', '<?php return ar...')
#4 E:\\laragon1\\www\\hrm\\vendor\\laravel\\framework\\src\\Illuminate\\Foundation\\ProviderRepository.php(163): Illuminate\\Foundation\\ProviderRepository->writeManifest(Array)
#5 E:\\laragon1\\www\\hrm\\vendor\\laravel\\framework\\src\\Illuminate\\Foundation\\ProviderRepository.php(61): Illuminate\\Foundation\\ProviderRepository->compileManifest(Array)
#6 E:\\laragon1\\www\\hrm\\vendor\\laravel\\framework\\src\\Illuminate\\Foundation\\Application.php(763): Illuminate\\Foundation\\ProviderRepository->load(Array)
#7 E:\\laragon1\\www\\hrm\\vendor\\laravel\\framework\\src\\Illuminate\\Foundation\\Bootstrap\\RegisterProviders.php(17): Illuminate\\Foundation\\Application->registerConfiguredProviders()
#8 E:\\laragon1\\www\\hrm\\vendor\\laravel\\framework\\src\\Illuminate\\Foundation\\Application.php(261): Illuminate\\Foundation\\Bootstrap\\RegisterProviders->bootstrap(Object(Illuminate\\Foundation\\Application))
#9 E:\\laragon1\\www\\hrm\\vendor\\laravel\\framework\\src\\Illuminate\\Foundation\\Console\\Kernel.php(447): Illuminate\\Foundation\\Application->bootstrapWith(Array)
#10 E:\\laragon1\\www\\hrm\\vendor\\_laravel_ide\\discover-c52ec2e338444979bda45859eaec1555.php(27): Illuminate\\Foundation\\Console\\Kernel->bootstrap()
#11 {main}
"} 
[2025-01-03 11:52:20] local.ERROR: rename(E:\laragon1\www\hrm\bootstrap\cache\lan61FD.tmp,E:\laragon1\www\hrm\bootstrap\cache/landing_page_module.php): Access is denied (code: 5) {"exception":"[object] (ErrorException(code: 0): rename(E:\\laragon1\\www\\hrm\\bootstrap\\cache\\lan61FD.tmp,E:\\laragon1\\www\\hrm\\bootstrap\\cache/landing_page_module.php): Access is denied (code: 5) at E:\\laragon1\\www\\hrm\\vendor\\laravel\\framework\\src\\Illuminate\\Filesystem\\Filesystem.php:234)
[stacktrace]
#0 E:\\laragon1\\www\\hrm\\vendor\\laravel\\framework\\src\\Illuminate\\Foundation\\Bootstrap\\HandleExceptions.php(254): Illuminate\\Foundation\\Bootstrap\\HandleExceptions->handleError(2, 'rename(E:\\\\larag...', 'E:\\\\laragon1\\\\www...', 234)
#1 [internal function]: Illuminate\\Foundation\\Bootstrap\\HandleExceptions->Illuminate\\Foundation\\Bootstrap\\{closure}(2, 'rename(E:\\\\larag...', 'E:\\\\laragon1\\\\www...', 234)
#2 E:\\laragon1\\www\\hrm\\vendor\\laravel\\framework\\src\\Illuminate\\Filesystem\\Filesystem.php(234): rename('E:\\\\laragon1\\\\www...', 'E:\\\\laragon1\\\\www...')
#3 E:\\laragon1\\www\\hrm\\vendor\\laravel\\framework\\src\\Illuminate\\Foundation\\ProviderRepository.php(191): Illuminate\\Filesystem\\Filesystem->replace('E:\\\\laragon1\\\\www...', '<?php return ar...')
#4 E:\\laragon1\\www\\hrm\\vendor\\laravel\\framework\\src\\Illuminate\\Foundation\\ProviderRepository.php(163): Illuminate\\Foundation\\ProviderRepository->writeManifest(Array)
#5 E:\\laragon1\\www\\hrm\\vendor\\laravel\\framework\\src\\Illuminate\\Foundation\\ProviderRepository.php(61): Illuminate\\Foundation\\ProviderRepository->compileManifest(Array)
#6 E:\\laragon1\\www\\hrm\\vendor\\nwidart\\laravel-modules\\src\\Laravel\\Module.php(33): Illuminate\\Foundation\\ProviderRepository->load(Array)
#7 E:\\laragon1\\www\\hrm\\vendor\\nwidart\\laravel-modules\\src\\Module.php(244): Nwidart\\Modules\\Laravel\\Module->registerProviders()
#8 E:\\laragon1\\www\\hrm\\vendor\\nwidart\\laravel-modules\\src\\FileRepository.php(321): Nwidart\\Modules\\Module->register()
#9 E:\\laragon1\\www\\hrm\\vendor\\nwidart\\laravel-modules\\src\\Providers\\BootstrapServiceProvider.php(23): Nwidart\\Modules\\FileRepository->register()
#10 E:\\laragon1\\www\\hrm\\vendor\\laravel\\framework\\src\\Illuminate\\Foundation\\Application.php(786): Nwidart\\Modules\\Providers\\BootstrapServiceProvider->register()
#11 E:\\laragon1\\www\\hrm\\vendor\\nwidart\\laravel-modules\\src\\ModulesServiceProvider.php(31): Illuminate\\Foundation\\Application->register(Object(Nwidart\\Modules\\Providers\\BootstrapServiceProvider))
#12 E:\\laragon1\\www\\hrm\\vendor\\nwidart\\laravel-modules\\src\\LaravelModulesServiceProvider.php(17): Nwidart\\Modules\\ModulesServiceProvider->registerModules()
#13 E:\\laragon1\\www\\hrm\\vendor\\laravel\\framework\\src\\Illuminate\\Container\\BoundMethod.php(36): Nwidart\\Modules\\LaravelModulesServiceProvider->boot()
#14 E:\\laragon1\\www\\hrm\\vendor\\laravel\\framework\\src\\Illuminate\\Container\\Util.php(41): Illuminate\\Container\\BoundMethod::Illuminate\\Container\\{closure}()
#15 E:\\laragon1\\www\\hrm\\vendor\\laravel\\framework\\src\\Illuminate\\Container\\BoundMethod.php(93): Illuminate\\Container\\Util::unwrapIfClosure(Object(Closure))
#16 E:\\laragon1\\www\\hrm\\vendor\\laravel\\framework\\src\\Illuminate\\Container\\BoundMethod.php(35): Illuminate\\Container\\BoundMethod::callBoundMethod(Object(Illuminate\\Foundation\\Application), Array, Object(Closure))
#17 E:\\laragon1\\www\\hrm\\vendor\\laravel\\framework\\src\\Illuminate\\Container\\Container.php(662): Illuminate\\Container\\BoundMethod::call(Object(Illuminate\\Foundation\\Application), Array, Array, NULL)
#18 E:\\laragon1\\www\\hrm\\vendor\\laravel\\framework\\src\\Illuminate\\Foundation\\Application.php(1028): Illuminate\\Container\\Container->call(Array)
#19 E:\\laragon1\\www\\hrm\\vendor\\laravel\\framework\\src\\Illuminate\\Foundation\\Application.php(1009): Illuminate\\Foundation\\Application->bootProvider(Object(Nwidart\\Modules\\LaravelModulesServiceProvider))
#20 [internal function]: Illuminate\\Foundation\\Application->Illuminate\\Foundation\\{closure}(Object(Nwidart\\Modules\\LaravelModulesServiceProvider), 32)
#21 E:\\laragon1\\www\\hrm\\vendor\\laravel\\framework\\src\\Illuminate\\Foundation\\Application.php(1008): array_walk(Array, Object(Closure))
#22 E:\\laragon1\\www\\hrm\\vendor\\laravel\\framework\\src\\Illuminate\\Foundation\\Bootstrap\\BootProviders.php(17): Illuminate\\Foundation\\Application->boot()
#23 E:\\laragon1\\www\\hrm\\vendor\\laravel\\framework\\src\\Illuminate\\Foundation\\Application.php(261): Illuminate\\Foundation\\Bootstrap\\BootProviders->bootstrap(Object(Illuminate\\Foundation\\Application))
#24 E:\\laragon1\\www\\hrm\\vendor\\laravel\\framework\\src\\Illuminate\\Foundation\\Console\\Kernel.php(447): Illuminate\\Foundation\\Application->bootstrapWith(Array)
#25 E:\\laragon1\\www\\hrm\\vendor\\_laravel_ide\\discover-5ea4ce032fd4176b9750a211674781fa.php(27): Illuminate\\Foundation\\Console\\Kernel->bootstrap()
#26 {main}
"} 
[2025-01-03 11:52:20] local.ERROR: rename(E:\laragon1\www\hrm\bootstrap\cache\lan61FC.tmp,E:\laragon1\www\hrm\bootstrap\cache/landing_page_module.php): Access is denied (code: 5) {"exception":"[object] (ErrorException(code: 0): rename(E:\\laragon1\\www\\hrm\\bootstrap\\cache\\lan61FC.tmp,E:\\laragon1\\www\\hrm\\bootstrap\\cache/landing_page_module.php): Access is denied (code: 5) at E:\\laragon1\\www\\hrm\\vendor\\laravel\\framework\\src\\Illuminate\\Filesystem\\Filesystem.php:234)
[stacktrace]
#0 E:\\laragon1\\www\\hrm\\vendor\\laravel\\framework\\src\\Illuminate\\Foundation\\Bootstrap\\HandleExceptions.php(254): Illuminate\\Foundation\\Bootstrap\\HandleExceptions->handleError(2, 'rename(E:\\\\larag...', 'E:\\\\laragon1\\\\www...', 234)
#1 [internal function]: Illuminate\\Foundation\\Bootstrap\\HandleExceptions->Illuminate\\Foundation\\Bootstrap\\{closure}(2, 'rename(E:\\\\larag...', 'E:\\\\laragon1\\\\www...', 234)
#2 E:\\laragon1\\www\\hrm\\vendor\\laravel\\framework\\src\\Illuminate\\Filesystem\\Filesystem.php(234): rename('E:\\\\laragon1\\\\www...', 'E:\\\\laragon1\\\\www...')
#3 E:\\laragon1\\www\\hrm\\vendor\\laravel\\framework\\src\\Illuminate\\Foundation\\ProviderRepository.php(191): Illuminate\\Filesystem\\Filesystem->replace('E:\\\\laragon1\\\\www...', '<?php return ar...')
#4 E:\\laragon1\\www\\hrm\\vendor\\laravel\\framework\\src\\Illuminate\\Foundation\\ProviderRepository.php(163): Illuminate\\Foundation\\ProviderRepository->writeManifest(Array)
#5 E:\\laragon1\\www\\hrm\\vendor\\laravel\\framework\\src\\Illuminate\\Foundation\\ProviderRepository.php(61): Illuminate\\Foundation\\ProviderRepository->compileManifest(Array)
#6 E:\\laragon1\\www\\hrm\\vendor\\nwidart\\laravel-modules\\src\\Laravel\\Module.php(33): Illuminate\\Foundation\\ProviderRepository->load(Array)
#7 E:\\laragon1\\www\\hrm\\vendor\\nwidart\\laravel-modules\\src\\Module.php(244): Nwidart\\Modules\\Laravel\\Module->registerProviders()
#8 E:\\laragon1\\www\\hrm\\vendor\\nwidart\\laravel-modules\\src\\FileRepository.php(321): Nwidart\\Modules\\Module->register()
#9 E:\\laragon1\\www\\hrm\\vendor\\nwidart\\laravel-modules\\src\\Providers\\BootstrapServiceProvider.php(23): Nwidart\\Modules\\FileRepository->register()
#10 E:\\laragon1\\www\\hrm\\vendor\\laravel\\framework\\src\\Illuminate\\Foundation\\Application.php(786): Nwidart\\Modules\\Providers\\BootstrapServiceProvider->register()
#11 E:\\laragon1\\www\\hrm\\vendor\\nwidart\\laravel-modules\\src\\ModulesServiceProvider.php(31): Illuminate\\Foundation\\Application->register(Object(Nwidart\\Modules\\Providers\\BootstrapServiceProvider))
#12 E:\\laragon1\\www\\hrm\\vendor\\nwidart\\laravel-modules\\src\\LaravelModulesServiceProvider.php(17): Nwidart\\Modules\\ModulesServiceProvider->registerModules()
#13 E:\\laragon1\\www\\hrm\\vendor\\laravel\\framework\\src\\Illuminate\\Container\\BoundMethod.php(36): Nwidart\\Modules\\LaravelModulesServiceProvider->boot()
#14 E:\\laragon1\\www\\hrm\\vendor\\laravel\\framework\\src\\Illuminate\\Container\\Util.php(41): Illuminate\\Container\\BoundMethod::Illuminate\\Container\\{closure}()
#15 E:\\laragon1\\www\\hrm\\vendor\\laravel\\framework\\src\\Illuminate\\Container\\BoundMethod.php(93): Illuminate\\Container\\Util::unwrapIfClosure(Object(Closure))
#16 E:\\laragon1\\www\\hrm\\vendor\\laravel\\framework\\src\\Illuminate\\Container\\BoundMethod.php(35): Illuminate\\Container\\BoundMethod::callBoundMethod(Object(Illuminate\\Foundation\\Application), Array, Object(Closure))
#17 E:\\laragon1\\www\\hrm\\vendor\\laravel\\framework\\src\\Illuminate\\Container\\Container.php(662): Illuminate\\Container\\BoundMethod::call(Object(Illuminate\\Foundation\\Application), Array, Array, NULL)
#18 E:\\laragon1\\www\\hrm\\vendor\\laravel\\framework\\src\\Illuminate\\Foundation\\Application.php(1028): Illuminate\\Container\\Container->call(Array)
#19 E:\\laragon1\\www\\hrm\\vendor\\laravel\\framework\\src\\Illuminate\\Foundation\\Application.php(1009): Illuminate\\Foundation\\Application->bootProvider(Object(Nwidart\\Modules\\LaravelModulesServiceProvider))
#20 [internal function]: Illuminate\\Foundation\\Application->Illuminate\\Foundation\\{closure}(Object(Nwidart\\Modules\\LaravelModulesServiceProvider), 32)
#21 E:\\laragon1\\www\\hrm\\vendor\\laravel\\framework\\src\\Illuminate\\Foundation\\Application.php(1008): array_walk(Array, Object(Closure))
#22 E:\\laragon1\\www\\hrm\\vendor\\laravel\\framework\\src\\Illuminate\\Foundation\\Bootstrap\\BootProviders.php(17): Illuminate\\Foundation\\Application->boot()
#23 E:\\laragon1\\www\\hrm\\vendor\\laravel\\framework\\src\\Illuminate\\Foundation\\Application.php(261): Illuminate\\Foundation\\Bootstrap\\BootProviders->bootstrap(Object(Illuminate\\Foundation\\Application))
#24 E:\\laragon1\\www\\hrm\\vendor\\laravel\\framework\\src\\Illuminate\\Foundation\\Console\\Kernel.php(447): Illuminate\\Foundation\\Application->bootstrapWith(Array)
#25 E:\\laragon1\\www\\hrm\\vendor\\_laravel_ide\\discover-6537a2457ac47e5337d1511c0b337e1f.php(27): Illuminate\\Foundation\\Console\\Kernel->bootstrap()
#26 {main}
"} 
